# JRE version: OpenJDK Runtime Environment Microsoft-11933218 (21.0.8+9) (build 21.0.8+9-LTS)
# Java VM: OpenJDK 64-Bit Server VM Microsoft-11933218 (21.0.8+9-LTS, mixed mode, sharing, tiered, compressed oops, compressed class ptrs, g1 gc, windows-amd64)
GC Precious Log:
 CardTable entry size: 512
 Card Set container configuration: InlinePtr #cards 4 size 8 Array Of Cards #cards 16 size 48 Howl #buckets 8 coarsen threshold 3686 Howl Bitmap #cards 512 size 80 coarsen threshold 460 Card regions per heap region 1 cards per card region 4096
 CPUs: 12 total, 12 available
 Memory: 16293M
 Large Page Support: Disabled
 NUMA Support: Disabled
 Compressed Oops: Enabled (Zero based)
 Heap Region Size: 2M
 Heap Min Capacity: 8M
 Heap Initial Capacity: 256M
 Heap Max Capacity: 3G
 Pre-touch: Disabled
 Parallel Workers: 10
 Concurrent Workers: 3
 Concurrent Refinement Workers: 10
 Periodic GC: Disabled
Heap:
 garbage-first heap   total 172032K, used 121525K [0x0000000740000000, 0x0000000800000000)
  region size 2048K, 17 young (34816K), 5 survivors (10240K)
 Metaspace       used 70853K, committed 72896K, reserved 1114112K
  class space    used 10085K, committed 11072K, reserved 1048576K
GC Heap History (20 events):
Event: 7.481 GC heap before
{Heap before GC invocations=13 (full 0):
 garbage-first heap   total 106496K, used 103631K [0x0000000740000000, 0x0000000800000000)
  region size 2048K, 19 young (38912K), 3 survivors (6144K)
 Metaspace       used 46557K, committed 48064K, reserved 1114112K
  class space    used 6650K, committed 7360K, reserved 1048576K
}
Event: 7.487 GC heap after
{Heap after GC invocations=14 (full 0):
 garbage-first heap   total 116736K, used 77313K [0x0000000740000000, 0x0000000800000000)
  region size 2048K, 3 young (6144K), 3 survivors (6144K)
 Metaspace       used 46557K, committed 48064K, reserved 1114112K
  class space    used 6650K, committed 7360K, reserved 1048576K
}
Event: 8.088 GC heap before
{Heap before GC invocations=14 (full 0):
 garbage-first heap   total 116736K, used 101889K [0x0000000740000000, 0x0000000800000000)
  region size 2048K, 15 young (30720K), 3 survivors (6144K)
 Metaspace       used 48651K, committed 50240K, reserved 1114112K
  class space    used 6993K, committed 7744K, reserved 1048576K
}
Event: 8.093 GC heap after
{Heap after GC invocations=15 (full 0):
 garbage-first heap   total 141312K, used 79169K [0x0000000740000000, 0x0000000800000000)
  region size 2048K, 1 young (2048K), 1 survivors (2048K)
 Metaspace       used 48651K, committed 50240K, reserved 1114112K
  class space    used 6993K, committed 7744K, reserved 1048576K
}
Event: 8.770 GC heap before
{Heap before GC invocations=15 (full 0):
 garbage-first heap   total 141312K, used 120129K [0x0000000740000000, 0x0000000800000000)
  region size 2048K, 21 young (43008K), 1 survivors (2048K)
 Metaspace       used 52449K, committed 54208K, reserved 1114112K
  class space    used 7674K, committed 8512K, reserved 1048576K
}
Event: 8.775 GC heap after
{Heap after GC invocations=16 (full 0):
 garbage-first heap   total 141312K, used 82345K [0x0000000740000000, 0x0000000800000000)
  region size 2048K, 3 young (6144K), 3 survivors (6144K)
 Metaspace       used 52449K, committed 54208K, reserved 1114112K
  class space    used 7674K, committed 8512K, reserved 1048576K
}
Event: 9.125 GC heap before
{Heap before GC invocations=17 (full 0):
 garbage-first heap   total 141312K, used 123305K [0x0000000740000000, 0x0000000800000000)
  region size 2048K, 23 young (47104K), 3 survivors (6144K)
 Metaspace       used 54965K, committed 56640K, reserved 1114112K
  class space    used 8086K, committed 8896K, reserved 1048576K
}
Event: 9.130 GC heap after
{Heap after GC invocations=18 (full 0):
 garbage-first heap   total 141312K, used 84361K [0x0000000740000000, 0x0000000800000000)
  region size 2048K, 3 young (6144K), 3 survivors (6144K)
 Metaspace       used 54965K, committed 56640K, reserved 1114112K
  class space    used 8086K, committed 8896K, reserved 1048576K
}
Event: 9.306 GC heap before
{Heap before GC invocations=18 (full 0):
 garbage-first heap   total 141312K, used 125321K [0x0000000740000000, 0x0000000800000000)
  region size 2048K, 23 young (47104K), 3 survivors (6144K)
 Metaspace       used 54988K, committed 56704K, reserved 1114112K
  class space    used 8087K, committed 8896K, reserved 1048576K
}
Event: 9.310 GC heap after
{Heap after GC invocations=19 (full 0):
 garbage-first heap   total 141312K, used 84589K [0x0000000740000000, 0x0000000800000000)
  region size 2048K, 2 young (4096K), 2 survivors (4096K)
 Metaspace       used 54988K, committed 56704K, reserved 1114112K
  class space    used 8087K, committed 8896K, reserved 1048576K
}
Event: 9.438 GC heap before
{Heap before GC invocations=19 (full 0):
 garbage-first heap   total 141312K, used 127597K [0x0000000740000000, 0x0000000800000000)
  region size 2048K, 23 young (47104K), 2 survivors (4096K)
 Metaspace       used 55012K, committed 56704K, reserved 1114112K
  class space    used 8087K, committed 8896K, reserved 1048576K
}
Event: 9.440 GC heap after
{Heap after GC invocations=20 (full 0):
 garbage-first heap   total 141312K, used 84849K [0x0000000740000000, 0x0000000800000000)
  region size 2048K, 2 young (4096K), 2 survivors (4096K)
 Metaspace       used 55012K, committed 56704K, reserved 1114112K
  class space    used 8087K, committed 8896K, reserved 1048576K
}
Event: 9.584 GC heap before
{Heap before GC invocations=21 (full 0):
 garbage-first heap   total 143360K, used 127857K [0x0000000740000000, 0x0000000800000000)
  region size 2048K, 23 young (47104K), 2 survivors (4096K)
 Metaspace       used 55080K, committed 56768K, reserved 1114112K
  class space    used 8087K, committed 8896K, reserved 1048576K
}
Event: 9.587 GC heap after
{Heap after GC invocations=22 (full 0):
 garbage-first heap   total 143360K, used 85586K [0x0000000740000000, 0x0000000800000000)
  region size 2048K, 2 young (4096K), 2 survivors (4096K)
 Metaspace       used 55080K, committed 56768K, reserved 1114112K
  class space    used 8087K, committed 8896K, reserved 1048576K
}
Event: 9.932 GC heap before
{Heap before GC invocations=22 (full 0):
 garbage-first heap   total 143360K, used 130642K [0x0000000740000000, 0x0000000800000000)
  region size 2048K, 24 young (49152K), 2 survivors (4096K)
 Metaspace       used 57354K, committed 59136K, reserved 1114112K
  class space    used 8345K, committed 9216K, reserved 1048576K
}
Event: 9.936 GC heap after
{Heap after GC invocations=23 (full 0):
 garbage-first heap   total 143360K, used 86316K [0x0000000740000000, 0x0000000800000000)
  region size 2048K, 2 young (4096K), 2 survivors (4096K)
 Metaspace       used 57354K, committed 59136K, reserved 1114112K
  class space    used 8345K, committed 9216K, reserved 1048576K
}
Event: 10.793 GC heap before
{Heap before GC invocations=23 (full 0):
 garbage-first heap   total 143360K, used 129324K [0x0000000740000000, 0x0000000800000000)
  region size 2048K, 23 young (47104K), 2 survivors (4096K)
 Metaspace       used 58732K, committed 60544K, reserved 1114112K
  class space    used 8478K, committed 9344K, reserved 1048576K
}
Event: 10.798 GC heap after
{Heap after GC invocations=24 (full 0):
 garbage-first heap   total 172032K, used 90497K [0x0000000740000000, 0x0000000800000000)
  region size 2048K, 3 young (6144K), 3 survivors (6144K)
 Metaspace       used 58732K, committed 60544K, reserved 1114112K
  class space    used 8478K, committed 9344K, reserved 1048576K
}
Event: 14.064 GC heap before
{Heap before GC invocations=25 (full 0):
 garbage-first heap   total 172032K, used 153985K [0x0000000740000000, 0x0000000800000000)
  region size 2048K, 34 young (69632K), 3 survivors (6144K)
 Metaspace       used 68252K, committed 70208K, reserved 1114112K
  class space    used 9702K, committed 10624K, reserved 1048576K
}
Event: 14.070 GC heap after
{Heap after GC invocations=26 (full 0):
 garbage-first heap   total 172032K, used 98997K [0x0000000740000000, 0x0000000800000000)
  region size 2048K, 5 young (10240K), 5 survivors (10240K)
 Metaspace       used 68252K, committed 70208K, reserved 1114112K
  class space    used 9702K, committed 10624K, reserved 1048576K
}

