# JRE version: OpenJDK Runtime Environment Microsoft-11933218 (21.0.8+9) (build 21.0.8+9-LTS)
# Java VM: OpenJDK 64-Bit Server VM Microsoft-11933218 (21.0.8+9-LTS, mixed mode, sharing, tiered, compressed oops, compressed class ptrs, g1 gc, windows-amd64)
GC Precious Log:
 CardTable entry size: 512
 Card Set container configuration: InlinePtr #cards 4 size 8 Array Of Cards #cards 16 size 48 Howl #buckets 8 coarsen threshold 3686 Howl Bitmap #cards 512 size 80 coarsen threshold 460 Card regions per heap region 1 cards per card region 4096
 CPUs: 12 total, 12 available
 Memory: 16293M
 Large Page Support: Disabled
 NUMA Support: Disabled
 Compressed Oops: Enabled (Zero based)
 Heap Region Size: 2M
 Heap Min Capacity: 8M
 Heap Initial Capacity: 256M
 Heap Max Capacity: 3G
 Pre-touch: Disabled
 Parallel Workers: 10
 Concurrent Workers: 3
 Concurrent Refinement Workers: 10
 Periodic GC: Disabled
Heap:
 garbage-first heap   total 110592K, used 88527K [0x0000000740000000, 0x0000000800000000)
  region size 2048K, 22 young (45056K), 2 survivors (4096K)
 Metaspace       used 38495K, committed 39808K, reserved 1114112K
  class space    used 5508K, committed 6144K, reserved 1048576K
GC Heap History (12 events):
Event: 0.422 GC heap before
{Heap before GC invocations=0 (full 0):
 garbage-first heap   total 262144K, used 26624K [0x0000000740000000, 0x0000000800000000)
  region size 2048K, 11 young (22528K), 0 survivors (0K)
 Metaspace       used 1824K, committed 1984K, reserved 1114112K
  class space    used 176K, committed 256K, reserved 1048576K
}
Event: 0.425 GC heap after
{Heap after GC invocations=1 (full 0):
 garbage-first heap   total 262144K, used 10687K [0x0000000740000000, 0x0000000800000000)
  region size 2048K, 2 young (4096K), 2 survivors (4096K)
 Metaspace       used 1824K, committed 1984K, reserved 1114112K
  class space    used 176K, committed 256K, reserved 1048576K
}
Event: 0.772 GC heap before
{Heap before GC invocations=1 (full 0):
 garbage-first heap   total 262144K, used 37311K [0x0000000740000000, 0x0000000800000000)
  region size 2048K, 15 young (30720K), 2 survivors (4096K)
 Metaspace       used 4192K, committed 4416K, reserved 1114112K
  class space    used 527K, committed 640K, reserved 1048576K
}
Event: 0.774 GC heap after
{Heap after GC invocations=2 (full 0):
 garbage-first heap   total 262144K, used 12213K [0x0000000740000000, 0x0000000800000000)
  region size 2048K, 1 young (2048K), 1 survivors (2048K)
 Metaspace       used 4192K, committed 4416K, reserved 1114112K
  class space    used 527K, committed 640K, reserved 1048576K
}
Event: 9.347 GC heap before
{Heap before GC invocations=2 (full 0):
 garbage-first heap   total 262144K, used 126901K [0x0000000740000000, 0x0000000800000000)
  region size 2048K, 59 young (120832K), 1 survivors (2048K)
 Metaspace       used 20885K, committed 21504K, reserved 1114112K
  class space    used 3020K, committed 3328K, reserved 1048576K
}
Event: 9.358 GC heap after
{Heap after GC invocations=3 (full 0):
 garbage-first heap   total 262144K, used 23959K [0x0000000740000000, 0x0000000800000000)
  region size 2048K, 7 young (14336K), 7 survivors (14336K)
 Metaspace       used 20885K, committed 21504K, reserved 1114112K
  class space    used 3020K, committed 3328K, reserved 1048576K
}
Event: 11.820 GC heap before
{Heap before GC invocations=4 (full 0):
 garbage-first heap   total 90112K, used 87447K [0x0000000740000000, 0x0000000800000000)
  region size 2048K, 31 young (63488K), 7 survivors (14336K)
 Metaspace       used 26209K, committed 27072K, reserved 1114112K
  class space    used 3934K, committed 4352K, reserved 1048576K
}
Event: 11.828 GC heap after
{Heap after GC invocations=5 (full 0):
 garbage-first heap   total 110592K, used 44074K [0x0000000740000000, 0x0000000800000000)
  region size 2048K, 3 young (6144K), 3 survivors (6144K)
 Metaspace       used 26209K, committed 27072K, reserved 1114112K
  class space    used 3934K, committed 4352K, reserved 1048576K
}
Event: 12.685 GC heap before
{Heap before GC invocations=5 (full 0):
 garbage-first heap   total 110592K, used 89130K [0x0000000740000000, 0x0000000800000000)
  region size 2048K, 25 young (51200K), 3 survivors (6144K)
 Metaspace       used 31487K, committed 32768K, reserved 1114112K
  class space    used 4819K, committed 5440K, reserved 1048576K
}
Event: 12.691 GC heap after
{Heap after GC invocations=6 (full 0):
 garbage-first heap   total 110592K, used 46305K [0x0000000740000000, 0x0000000800000000)
  region size 2048K, 2 young (4096K), 2 survivors (4096K)
 Metaspace       used 31487K, committed 32768K, reserved 1114112K
  class space    used 4819K, committed 5440K, reserved 1048576K
}
Event: 13.214 GC heap before
{Heap before GC invocations=6 (full 0):
 garbage-first heap   total 110592K, used 60641K [0x0000000740000000, 0x0000000800000000)
  region size 2048K, 10 young (20480K), 2 survivors (4096K)
 Metaspace       used 34802K, committed 36096K, reserved 1114112K
  class space    used 5178K, committed 5824K, reserved 1048576K
}
Event: 13.218 GC heap after
{Heap after GC invocations=7 (full 0):
 garbage-first heap   total 110592K, used 47567K [0x0000000740000000, 0x0000000800000000)
  region size 2048K, 2 young (4096K), 2 survivors (4096K)
 Metaspace       used 34802K, committed 36096K, reserved 1114112K
  class space    used 5178K, committed 5824K, reserved 1048576K
}

