# JRE version: OpenJDK Runtime Environment Microsoft-11933218 (21.0.8+9) (build 21.0.8+9-LTS)
# Java VM: OpenJDK 64-Bit Server VM Microsoft-11933218 (21.0.8+9-LTS, mixed mode, sharing, tiered, compressed oops, compressed class ptrs, g1 gc, windows-amd64)
GC Precious Log:
 CardTable entry size: 512
 Card Set container configuration: InlinePtr #cards 4 size 8 Array Of Cards #cards 16 size 48 Howl #buckets 8 coarsen threshold 3686 Howl Bitmap #cards 512 size 80 coarsen threshold 460 Card regions per heap region 1 cards per card region 4096
 CPUs: 12 total, 12 available
 Memory: 16293M
 Large Page Support: Disabled
 NUMA Support: Disabled
 Compressed Oops: Enabled (Zero based)
 Heap Region Size: 2M
 Heap Min Capacity: 8M
 Heap Initial Capacity: 256M
 Heap Max Capacity: 3G
 Pre-touch: Disabled
 Parallel Workers: 10
 Concurrent Workers: 3
 Concurrent Refinement Workers: 10
 Periodic GC: Disabled
Heap:
 garbage-first heap   total 524288K, used 330752K [0x0000000740000000, 0x0000000800000000)
  region size 2048K, 8 young (16384K), 8 survivors (16384K)
 Metaspace       used 86710K, committed 89088K, reserved 1179648K
  class space    used 12325K, committed 13504K, reserved 1048576K
GC Heap History (20 events):
Event: 16.326 GC heap after
{Heap after GC invocations=32 (full 0):
 garbage-first heap   total 215040K, used 110943K [0x0000000740000000, 0x0000000800000000)
  region size 2048K, 4 young (8192K), 4 survivors (8192K)
 Metaspace       used 74049K, committed 76224K, reserved 1114112K
  class space    used 10531K, committed 11584K, reserved 1048576K
}
Event: 16.551 GC heap before
{Heap before GC invocations=32 (full 0):
 garbage-first heap   total 215040K, used 125279K [0x0000000740000000, 0x0000000800000000)
  region size 2048K, 12 young (24576K), 4 survivors (8192K)
 Metaspace       used 75324K, committed 77504K, reserved 1179648K
  class space    used 10713K, committed 11776K, reserved 1048576K
}
Event: 16.556 GC heap after
{Heap after GC invocations=33 (full 0):
 garbage-first heap   total 215040K, used 112303K [0x0000000740000000, 0x0000000800000000)
  region size 2048K, 1 young (2048K), 1 survivors (2048K)
 Metaspace       used 75324K, committed 77504K, reserved 1179648K
  class space    used 10713K, committed 11776K, reserved 1048576K
}
Event: 18.340 GC heap before
{Heap before GC invocations=34 (full 0):
 garbage-first heap   total 260096K, used 255663K [0x0000000740000000, 0x0000000800000000)
  region size 2048K, 26 young (53248K), 1 survivors (2048K)
 Metaspace       used 79128K, committed 81280K, reserved 1179648K
  class space    used 11208K, committed 12224K, reserved 1048576K
}
Event: 18.344 GC heap after
{Heap after GC invocations=35 (full 0):
 garbage-first heap   total 266240K, used 116045K [0x0000000740000000, 0x0000000800000000)
  region size 2048K, 3 young (6144K), 3 survivors (6144K)
 Metaspace       used 79128K, committed 81280K, reserved 1179648K
  class space    used 11208K, committed 12224K, reserved 1048576K
}
Event: 24.221 GC heap before
{Heap before GC invocations=35 (full 0):
 garbage-first heap   total 278528K, used 275789K [0x0000000740000000, 0x0000000800000000)
  region size 2048K, 61 young (124928K), 3 survivors (6144K)
 Metaspace       used 86109K, committed 88448K, reserved 1179648K
  class space    used 12325K, committed 13440K, reserved 1048576K
}
Event: 24.234 GC heap after
{Heap after GC invocations=36 (full 0):
 garbage-first heap   total 299008K, used 148437K [0x0000000740000000, 0x0000000800000000)
  region size 2048K, 8 young (16384K), 8 survivors (16384K)
 Metaspace       used 86109K, committed 88448K, reserved 1179648K
  class space    used 12325K, committed 13440K, reserved 1048576K
}
Event: 24.423 GC heap before
{Heap before GC invocations=36 (full 0):
 garbage-first heap   total 299008K, used 261077K [0x0000000740000000, 0x0000000800000000)
  region size 2048K, 64 young (131072K), 8 survivors (16384K)
 Metaspace       used 86192K, committed 88512K, reserved 1179648K
  class space    used 12334K, committed 13440K, reserved 1048576K
}
Event: 24.465 GC heap after
{Heap after GC invocations=37 (full 0):
 garbage-first heap   total 360448K, used 229187K [0x0000000740000000, 0x0000000800000000)
  region size 2048K, 8 young (16384K), 8 survivors (16384K)
 Metaspace       used 86192K, committed 88512K, reserved 1179648K
  class space    used 12334K, committed 13440K, reserved 1048576K
}
Event: 24.629 GC heap before
{Heap before GC invocations=37 (full 0):
 garbage-first heap   total 360448K, used 292675K [0x0000000740000000, 0x0000000800000000)
  region size 2048K, 40 young (81920K), 8 survivors (16384K)
 Metaspace       used 86308K, committed 88704K, reserved 1179648K
  class space    used 12346K, committed 13504K, reserved 1048576K
}
Event: 24.666 GC heap after
{Heap after GC invocations=38 (full 0):
 garbage-first heap   total 360448K, used 274432K [0x0000000740000000, 0x0000000800000000)
  region size 2048K, 6 young (12288K), 6 survivors (12288K)
 Metaspace       used 86308K, committed 88704K, reserved 1179648K
  class space    used 12346K, committed 13504K, reserved 1048576K
}
Event: 25.734 GC heap before
{Heap before GC invocations=39 (full 0):
 garbage-first heap   total 495616K, used 493568K [0x0000000740000000, 0x0000000800000000)
  region size 2048K, 13 young (26624K), 6 survivors (12288K)
 Metaspace       used 86349K, committed 88768K, reserved 1179648K
  class space    used 12308K, committed 13504K, reserved 1048576K
}
Event: 25.749 GC heap after
{Heap after GC invocations=40 (full 0):
 garbage-first heap   total 516096K, used 343741K [0x0000000740000000, 0x0000000800000000)
  region size 2048K, 2 young (4096K), 2 survivors (4096K)
 Metaspace       used 86349K, committed 88768K, reserved 1179648K
  class space    used 12308K, committed 13504K, reserved 1048576K
}
Event: 26.828 GC heap before
{Heap before GC invocations=40 (full 0):
 garbage-first heap   total 516096K, used 511677K [0x0000000740000000, 0x0000000800000000)
  region size 2048K, 11 young (22528K), 2 survivors (4096K)
 Metaspace       used 86654K, committed 89024K, reserved 1179648K
  class space    used 12325K, committed 13504K, reserved 1048576K
}
Event: 26.834 GC heap after
{Heap after GC invocations=41 (full 0):
 garbage-first heap   total 524288K, used 273809K [0x0000000740000000, 0x0000000800000000)
  region size 2048K, 2 young (4096K), 2 survivors (4096K)
 Metaspace       used 86654K, committed 89024K, reserved 1179648K
  class space    used 12325K, committed 13504K, reserved 1048576K
}
Event: 26.838 GC heap before
{Heap before GC invocations=41 (full 0):
 garbage-first heap   total 524288K, used 273809K [0x0000000740000000, 0x0000000800000000)
  region size 2048K, 3 young (6144K), 2 survivors (4096K)
 Metaspace       used 86654K, committed 89024K, reserved 1179648K
  class space    used 12325K, committed 13504K, reserved 1048576K
}
Event: 26.841 GC heap after
{Heap after GC invocations=42 (full 0):
 garbage-first heap   total 524288K, used 275696K [0x0000000740000000, 0x0000000800000000)
  region size 2048K, 2 young (4096K), 2 survivors (4096K)
 Metaspace       used 86654K, committed 89024K, reserved 1179648K
  class space    used 12325K, committed 13504K, reserved 1048576K
}
Event: 27.006 GC heap before
{Heap before GC invocations=43 (full 0):
 garbage-first heap   total 524288K, used 304368K [0x0000000740000000, 0x0000000800000000)
  region size 2048K, 59 young (120832K), 2 survivors (4096K)
 Metaspace       used 86654K, committed 89024K, reserved 1179648K
  class space    used 12325K, committed 13504K, reserved 1048576K
}
Event: 27.037 GC heap after
{Heap after GC invocations=44 (full 0):
 garbage-first heap   total 524288K, used 263233K [0x0000000740000000, 0x0000000800000000)
  region size 2048K, 8 young (16384K), 8 survivors (16384K)
 Metaspace       used 86654K, committed 89024K, reserved 1179648K
  class space    used 12325K, committed 13504K, reserved 1048576K
}
Event: 27.205 GC heap before
{Heap before GC invocations=44 (full 0):
 garbage-first heap   total 524288K, used 392257K [0x0000000740000000, 0x0000000800000000)
  region size 2048K, 62 young (126976K), 8 survivors (16384K)
 Metaspace       used 86710K, committed 89088K, reserved 1179648K
  class space    used 12325K, committed 13504K, reserved 1048576K
}

